<?xml version="1.0" encoding="UTF-8"?>
<!-- Generated by org.testng.reporters.JUnitReportReporter -->
<testsuite skipped="0" hostname="DESKTOP-FID49DI" name="com.testScript.AEquilibriumUI_Test" tests="7" failures="0" timestamp="26 Jul 2021 08:49:27 GMT" time="0.589" errors="0">
  <testcase name="userName_Field_Displayed" time="0.076" classname="com.testScript.AEquilibriumUI_Test"/>
  <testcase name="userName_Field_Enabled" time="0.042" classname="com.testScript.AEquilibriumUI_Test"/>
  <testcase name="password_Field_Displayed" time="0.089" classname="com.testScript.AEquilibriumUI_Test"/>
  <testcase name="password_Field_Enabled" time="0.038" classname="com.testScript.AEquilibriumUI_Test"/>
  <testcase name="login_Field_Displayed" time="0.056" classname="com.testScript.AEquilibriumUI_Test"/>
  <testcase name="login_Field_Enabled" time="0.029" classname="com.testScript.AEquilibriumUI_Test"/>
  <testcase name="no_input_Check_validation" time="0.259" classname="com.testScript.AEquilibriumUI_Test"/>
</testsuite> <!-- com.testScript.AEquilibriumUI_Test -->
